<?xml version="1.0" encoding="UTF-8"?>
<!-- Generated by org.testng.reporters.JUnitXMLReporter -->
<testsuite ignored="0" hostname="ATMECSINLT-1060" failures="0" tests="3" name="Default test" time="78.403" errors="0" timestamp="2023-10-17T15:16:34 IST">
  <testcase classname="testcase.MyFirstTestFW" name="LoginTest" time="17.467"/>
  <testcase classname="testcase.MyFirstTestFW" name="LoginTest" time="17.513"/>
  <testcase classname="testcase.MyFirstTestFW" name="LoginTest" time="17.593"/>
</testsuite> <!-- Default test -->
