<?xml version="1.0" encoding="UTF-8"?>
<testng-results ignored="0" total="3" passed="3" failed="0" skipped="0">
  <reporter-output>
  </reporter-output>
  <suite started-at="2023-10-17T15:15:15 IST" name="Default suite" finished-at="2023-10-17T15:16:34 IST" duration-ms="78403">
    <groups>
    </groups>
    <test started-at="2023-10-17T15:15:15 IST" name="Default test" finished-at="2023-10-17T15:16:34 IST" duration-ms="78403">
      <class name="testcase.MyFirstTestFW">
        <test-method is-config="true" signature="setUp()[pri:0, instance:testcase.MyFirstTestFW@4567f35d]" started-at="2023-10-17T15:15:16 IST" name="setUp" finished-at="2023-10-17T15:15:24 IST" duration-ms="8590" status="PASS">
          <reporter-output>
          </reporter-output>
        </test-method> <!-- setUp -->
        <test-method signature="LoginTest(java.lang.String,java.lang.String)[pri:0, instance:testcase.MyFirstTestFW@4567f35d]" started-at="2023-10-17T15:15:24 IST" name="LoginTest" data-provider="testdata" finished-at="2023-10-17T15:15:42 IST" duration-ms="17467" status="PASS">
          <params>
            <param index="0">
              <value>
                <![CDATA[user1]]>
              </value>
            </param>
            <param index="1">
              <value>
                <![CDATA[password1]]>
              </value>
            </param>
          </params>
          <reporter-output>
          </reporter-output>
        </test-method> <!-- LoginTest -->
        <test-method is-config="true" signature="tearDown()[pri:0, instance:testcase.MyFirstTestFW@4567f35d]" started-at="2023-10-17T15:15:42 IST" name="tearDown" finished-at="2023-10-17T15:15:42 IST" duration-ms="158" status="PASS">
          <reporter-output>
          </reporter-output>
        </test-method> <!-- tearDown -->
        <test-method is-config="true" signature="setUp()[pri:0, instance:testcase.MyFirstTestFW@4567f35d]" started-at="2023-10-17T15:15:42 IST" name="setUp" finished-at="2023-10-17T15:15:49 IST" duration-ms="7501" status="PASS">
          <reporter-output>
          </reporter-output>
        </test-method> <!-- setUp -->
        <test-method signature="LoginTest(java.lang.String,java.lang.String)[pri:0, instance:testcase.MyFirstTestFW@4567f35d]" started-at="2023-10-17T15:15:49 IST" name="LoginTest" data-provider="testdata" finished-at="2023-10-17T15:16:07 IST" duration-ms="17513" status="PASS">
          <params>
            <param index="0">
              <value>
                <![CDATA[user2]]>
              </value>
            </param>
            <param index="1">
              <value>
                <![CDATA[password2]]>
              </value>
            </param>
          </params>
          <reporter-output>
          </reporter-output>
        </test-method> <!-- LoginTest -->
        <test-method is-config="true" signature="tearDown()[pri:0, instance:testcase.MyFirstTestFW@4567f35d]" started-at="2023-10-17T15:16:07 IST" name="tearDown" finished-at="2023-10-17T15:16:07 IST" duration-ms="209" status="PASS">
          <reporter-output>
          </reporter-output>
        </test-method> <!-- tearDown -->
        <test-method is-config="true" signature="setUp()[pri:0, instance:testcase.MyFirstTestFW@4567f35d]" started-at="2023-10-17T15:16:07 IST" name="setUp" finished-at="2023-10-17T15:16:16 IST" duration-ms="9129" status="PASS">
          <reporter-output>
          </reporter-output>
        </test-method> <!-- setUp -->
        <test-method signature="LoginTest(java.lang.String,java.lang.String)[pri:0, instance:testcase.MyFirstTestFW@4567f35d]" started-at="2023-10-17T15:16:16 IST" name="LoginTest" data-provider="testdata" finished-at="2023-10-17T15:16:34 IST" duration-ms="17593" status="PASS">
          <params>
            <param index="0">
              <value>
                <![CDATA[ganesh.qatester@gmail.com]]>
              </value>
            </param>
            <param index="1">
              <value>
                <![CDATA[Zohoautomation@1]]>
              </value>
            </param>
          </params>
          <reporter-output>
          </reporter-output>
        </test-method> <!-- LoginTest -->
        <test-method is-config="true" signature="tearDown()[pri:0, instance:testcase.MyFirstTestFW@4567f35d]" started-at="2023-10-17T15:16:34 IST" name="tearDown" finished-at="2023-10-17T15:16:34 IST" duration-ms="202" status="PASS">
          <reporter-output>
          </reporter-output>
        </test-method> <!-- tearDown -->
      </class> <!-- testcase.MyFirstTestFW -->
    </test> <!-- Default test -->
  </suite> <!-- Default suite -->
</testng-results>
